[35m[1mConsolidate compiler generated dependencies of target action_server__rosidl_generator_c[0m
[  3%] Built target action_server__cpp
[ 12%] Built target action_server__rosidl_generator_c
[ 12%] Built target ament_cmake_python_copy_action_server
[35m[1mConsolidate compiler generated dependencies of target action_server__rosidl_typesupport_fastrtps_cpp[0m
[35m[1mConsolidate compiler generated dependencies of target action_server__rosidl_typesupport_cpp[0m
[35m[1mConsolidate compiler generated dependencies of target action_server__rosidl_typesupport_introspection_cpp[0m
[35m[1mConsolidate compiler generated dependencies of target action_server__rosidl_typesupport_c[0m
[35m[1mConsolidate compiler generated dependencies of target action_server__rosidl_typesupport_fastrtps_c[0m
[35m[1mConsolidate compiler generated dependencies of target action_server__rosidl_typesupport_introspection_c[0m
[ 22%] Built target action_server__rosidl_typesupport_cpp
[ 32%] Built target action_server__rosidl_typesupport_fastrtps_cpp
[ 41%] Built target action_server__rosidl_typesupport_introspection_cpp
[ 70%] Built target action_server__rosidl_typesupport_fastrtps_c
[ 70%] Built target action_server__rosidl_typesupport_c
[ 70%] Built target action_server__rosidl_typesupport_introspection_c
[ 70%] Built target action_server
[ 74%] Built target action_server__py
[35m[1mConsolidate compiler generated dependencies of target action_server__rosidl_generator_py[0m
[ 80%] Built target action_server__rosidl_generator_py
[35m[1mConsolidate compiler generated dependencies of target action_server__rosidl_typesupport_c__pyext[0m
[35m[1mConsolidate compiler generated dependencies of target action_server__rosidl_typesupport_introspection_c__pyext[0m
[35m[1mConsolidate compiler generated dependencies of target action_server__rosidl_typesupport_fastrtps_c__pyext[0m
[100%] Built target action_server__rosidl_typesupport_c__pyext
[100%] Built target action_server__rosidl_typesupport_introspection_c__pyext
[100%] Built target action_server__rosidl_typesupport_fastrtps_c__pyext
running egg_info
writing action_server.egg-info/PKG-INFO
writing dependency_links to action_server.egg-info/dependency_links.txt
writing top-level names to action_server.egg-info/top_level.txt
reading manifest file 'action_server.egg-info/SOURCES.txt'
writing manifest file 'action_server.egg-info/SOURCES.txt'
[100%] Built target ament_cmake_python_build_action_server_egg
-- Install configuration: ""
-- Up-to-date: /home/timoha/features/features_ws/install/action_server/share/ament_index/resource_index/rosidl_interfaces/action_server
-- Up-to-date: /home/timoha/features/features_ws/install/action_server/include/action_server/action_server
-- Up-to-date: /home/timoha/features/features_ws/install/action_server/include/action_server/action_server/msg
-- Up-to-date: /home/timoha/features/features_ws/install/action_server/include/action_server/action_server/msg/rosidl_generator_c__visibility_control.h
-- Up-to-date: /home/timoha/features/features_ws/install/action_server/include/action_server/action_server/action
-- Up-to-date: /home/timoha/features/features_ws/install/action_server/include/action_server/action_server/action/fibonacci.h
-- Up-to-date: /home/timoha/features/features_ws/install/action_server/include/action_server/action_server/action/detail
-- Up-to-date: /home/timoha/features/features_ws/install/action_server/include/action_server/action_server/action/detail/fibonacci__functions.c
-- Up-to-date: /home/timoha/features/features_ws/install/action_server/include/action_server/action_server/action/detail/fibonacci__functions.h
-- Up-to-date: /home/timoha/features/features_ws/install/action_server/include/action_server/action_server/action/detail/fibonacci__struct.h
-- Up-to-date: /home/timoha/features/features_ws/install/action_server/include/action_server/action_server/action/detail/fibonacci__type_support.h
-- Up-to-date: /home/timoha/features/features_ws/install/action_server/share/action_server/environment/library_path.sh
-- Up-to-date: /home/timoha/features/features_ws/install/action_server/share/action_server/environment/library_path.dsv
-- Up-to-date: /home/timoha/features/features_ws/install/action_server/lib/libaction_server__rosidl_generator_c.so
-- Up-to-date: /home/timoha/features/features_ws/install/action_server/include/action_server/action_server
-- Up-to-date: /home/timoha/features/features_ws/install/action_server/include/action_server/action_server/msg
-- Up-to-date: /home/timoha/features/features_ws/install/action_server/include/action_server/action_server/msg/rosidl_typesupport_fastrtps_c__visibility_control.h
-- Up-to-date: /home/timoha/features/features_ws/install/action_server/include/action_server/action_server/action
-- Up-to-date: /home/timoha/features/features_ws/install/action_server/include/action_server/action_server/action/detail
-- Up-to-date: /home/timoha/features/features_ws/install/action_server/include/action_server/action_server/action/detail/fibonacci__rosidl_typesupport_fastrtps_c.h
-- Up-to-date: /home/timoha/features/features_ws/install/action_server/lib/libaction_server__rosidl_typesupport_fastrtps_c.so
-- Up-to-date: /home/timoha/features/features_ws/install/action_server/include/action_server/action_server
-- Up-to-date: /home/timoha/features/features_ws/install/action_server/include/action_server/action_server/msg
-- Up-to-date: /home/timoha/features/features_ws/install/action_server/include/action_server/action_server/msg/rosidl_typesupport_introspection_c__visibility_control.h
-- Up-to-date: /home/timoha/features/features_ws/install/action_server/include/action_server/action_server/action
-- Up-to-date: /home/timoha/features/features_ws/install/action_server/include/action_server/action_server/action/detail
-- Up-to-date: /home/timoha/features/features_ws/install/action_server/include/action_server/action_server/action/detail/fibonacci__type_support.c
-- Up-to-date: /home/timoha/features/features_ws/install/action_server/include/action_server/action_server/action/detail/fibonacci__rosidl_typesupport_introspection_c.h
-- Up-to-date: /home/timoha/features/features_ws/install/action_server/lib/libaction_server__rosidl_typesupport_introspection_c.so
-- Up-to-date: /home/timoha/features/features_ws/install/action_server/lib/libaction_server__rosidl_typesupport_c.so
-- Up-to-date: /home/timoha/features/features_ws/install/action_server/include/action_server/action_server
-- Up-to-date: /home/timoha/features/features_ws/install/action_server/include/action_server/action_server/action
-- Up-to-date: /home/timoha/features/features_ws/install/action_server/include/action_server/action_server/action/fibonacci.hpp
-- Up-to-date: /home/timoha/features/features_ws/install/action_server/include/action_server/action_server/action/detail
-- Up-to-date: /home/timoha/features/features_ws/install/action_server/include/action_server/action_server/action/detail/fibonacci__traits.hpp
-- Up-to-date: /home/timoha/features/features_ws/install/action_server/include/action_server/action_server/action/detail/fibonacci__struct.hpp
-- Up-to-date: /home/timoha/features/features_ws/install/action_server/include/action_server/action_server/action/detail/fibonacci__builder.hpp
-- Up-to-date: /home/timoha/features/features_ws/install/action_server/include/action_server/action_server
-- Up-to-date: /home/timoha/features/features_ws/install/action_server/include/action_server/action_server/msg
-- Up-to-date: /home/timoha/features/features_ws/install/action_server/include/action_server/action_server/msg/rosidl_typesupport_fastrtps_cpp__visibility_control.h
-- Up-to-date: /home/timoha/features/features_ws/install/action_server/include/action_server/action_server/action
-- Up-to-date: /home/timoha/features/features_ws/install/action_server/include/action_server/action_server/action/detail
-- Up-to-date: /home/timoha/features/features_ws/install/action_server/include/action_server/action_server/action/detail/fibonacci__rosidl_typesupport_fastrtps_cpp.hpp
-- Up-to-date: /home/timoha/features/features_ws/install/action_server/include/action_server/action_server/action/detail/dds_fastrtps
-- Up-to-date: /home/timoha/features/features_ws/install/action_server/lib/libaction_server__rosidl_typesupport_fastrtps_cpp.so
-- Up-to-date: /home/timoha/features/features_ws/install/action_server/include/action_server/action_server
-- Up-to-date: /home/timoha/features/features_ws/install/action_server/include/action_server/action_server/action
-- Up-to-date: /home/timoha/features/features_ws/install/action_server/include/action_server/action_server/action/detail
-- Up-to-date: /home/timoha/features/features_ws/install/action_server/include/action_server/action_server/action/detail/fibonacci__type_support.cpp
-- Up-to-date: /home/timoha/features/features_ws/install/action_server/include/action_server/action_server/action/detail/fibonacci__rosidl_typesupport_introspection_cpp.hpp
-- Up-to-date: /home/timoha/features/features_ws/install/action_server/lib/libaction_server__rosidl_typesupport_introspection_cpp.so
-- Up-to-date: /home/timoha/features/features_ws/install/action_server/lib/libaction_server__rosidl_typesupport_cpp.so
-- Up-to-date: /home/timoha/features/features_ws/install/action_server/share/action_server/environment/pythonpath.sh
-- Up-to-date: /home/timoha/features/features_ws/install/action_server/share/action_server/environment/pythonpath.dsv
-- Up-to-date: /home/timoha/features/features_ws/install/action_server/local/lib/python3.10/dist-packages/action_server-0.0.0-py3.10.egg-info
-- Installing: /home/timoha/features/features_ws/install/action_server/local/lib/python3.10/dist-packages/action_server-0.0.0-py3.10.egg-info/top_level.txt
-- Installing: /home/timoha/features/features_ws/install/action_server/local/lib/python3.10/dist-packages/action_server-0.0.0-py3.10.egg-info/SOURCES.txt
-- Installing: /home/timoha/features/features_ws/install/action_server/local/lib/python3.10/dist-packages/action_server-0.0.0-py3.10.egg-info/PKG-INFO
-- Installing: /home/timoha/features/features_ws/install/action_server/local/lib/python3.10/dist-packages/action_server-0.0.0-py3.10.egg-info/dependency_links.txt
-- Up-to-date: /home/timoha/features/features_ws/install/action_server/local/lib/python3.10/dist-packages/action_server
-- Up-to-date: /home/timoha/features/features_ws/install/action_server/local/lib/python3.10/dist-packages/action_server/action_server_s__rosidl_typesupport_fastrtps_c.cpython-310-x86_64-linux-gnu.so
-- Up-to-date: /home/timoha/features/features_ws/install/action_server/local/lib/python3.10/dist-packages/action_server/_action_server_s.ep.rosidl_typesupport_introspection_c.c
-- Up-to-date: /home/timoha/features/features_ws/install/action_server/local/lib/python3.10/dist-packages/action_server/_action_server_s.ep.rosidl_typesupport_fastrtps_c.c
-- Up-to-date: /home/timoha/features/features_ws/install/action_server/local/lib/python3.10/dist-packages/action_server/action
-- Up-to-date: /home/timoha/features/features_ws/install/action_server/local/lib/python3.10/dist-packages/action_server/action/_fibonacci_s.c
-- Up-to-date: /home/timoha/features/features_ws/install/action_server/local/lib/python3.10/dist-packages/action_server/action/__init__.py
-- Up-to-date: /home/timoha/features/features_ws/install/action_server/local/lib/python3.10/dist-packages/action_server/action/_fibonacci.py
-- Up-to-date: /home/timoha/features/features_ws/install/action_server/local/lib/python3.10/dist-packages/action_server/__init__.py
-- Up-to-date: /home/timoha/features/features_ws/install/action_server/local/lib/python3.10/dist-packages/action_server/_action_server_s.ep.rosidl_typesupport_c.c
-- Up-to-date: /home/timoha/features/features_ws/install/action_server/local/lib/python3.10/dist-packages/action_server/action_server_s__rosidl_typesupport_introspection_c.cpython-310-x86_64-linux-gnu.so
-- Up-to-date: /home/timoha/features/features_ws/install/action_server/local/lib/python3.10/dist-packages/action_server/libaction_server__rosidl_generator_py.so
-- Up-to-date: /home/timoha/features/features_ws/install/action_server/local/lib/python3.10/dist-packages/action_server/action_server_s__rosidl_typesupport_c.cpython-310-x86_64-linux-gnu.so
Listing '/home/timoha/features/features_ws/install/action_server/local/lib/python3.10/dist-packages/action_server'...
Listing '/home/timoha/features/features_ws/install/action_server/local/lib/python3.10/dist-packages/action_server/action'...
-- Up-to-date: /home/timoha/features/features_ws/install/action_server/local/lib/python3.10/dist-packages/action_server/action_server_s__rosidl_typesupport_fastrtps_c.cpython-310-x86_64-linux-gnu.so
-- Up-to-date: /home/timoha/features/features_ws/install/action_server/local/lib/python3.10/dist-packages/action_server/action_server_s__rosidl_typesupport_introspection_c.cpython-310-x86_64-linux-gnu.so
-- Up-to-date: /home/timoha/features/features_ws/install/action_server/local/lib/python3.10/dist-packages/action_server/action_server_s__rosidl_typesupport_c.cpython-310-x86_64-linux-gnu.so
-- Up-to-date: /home/timoha/features/features_ws/install/action_server/lib/libaction_server__rosidl_generator_py.so
-- Up-to-date: /home/timoha/features/features_ws/install/action_server/share/action_server/action/Fibonacci.idl
-- Up-to-date: /home/timoha/features/features_ws/install/action_server/share/action_server/action/Fibonacci.action
-- Up-to-date: /home/timoha/features/features_ws/install/action_server/share/ament_index/resource_index/package_run_dependencies/action_server
-- Up-to-date: /home/timoha/features/features_ws/install/action_server/share/ament_index/resource_index/parent_prefix_path/action_server
-- Up-to-date: /home/timoha/features/features_ws/install/action_server/share/action_server/environment/ament_prefix_path.sh
-- Up-to-date: /home/timoha/features/features_ws/install/action_server/share/action_server/environment/ament_prefix_path.dsv
-- Up-to-date: /home/timoha/features/features_ws/install/action_server/share/action_server/environment/path.sh
-- Up-to-date: /home/timoha/features/features_ws/install/action_server/share/action_server/environment/path.dsv
-- Up-to-date: /home/timoha/features/features_ws/install/action_server/share/action_server/local_setup.bash
-- Up-to-date: /home/timoha/features/features_ws/install/action_server/share/action_server/local_setup.sh
-- Up-to-date: /home/timoha/features/features_ws/install/action_server/share/action_server/local_setup.zsh
-- Up-to-date: /home/timoha/features/features_ws/install/action_server/share/action_server/local_setup.dsv
-- Installing: /home/timoha/features/features_ws/install/action_server/share/action_server/package.dsv
-- Up-to-date: /home/timoha/features/features_ws/install/action_server/share/ament_index/resource_index/packages/action_server
-- Up-to-date: /home/timoha/features/features_ws/install/action_server/share/action_server/cmake/export_action_server__rosidl_generator_cExport.cmake
-- Up-to-date: /home/timoha/features/features_ws/install/action_server/share/action_server/cmake/export_action_server__rosidl_generator_cExport-noconfig.cmake
-- Up-to-date: /home/timoha/features/features_ws/install/action_server/share/action_server/cmake/export_action_server__rosidl_typesupport_fastrtps_cExport.cmake
-- Up-to-date: /home/timoha/features/features_ws/install/action_server/share/action_server/cmake/export_action_server__rosidl_typesupport_fastrtps_cExport-noconfig.cmake
-- Up-to-date: /home/timoha/features/features_ws/install/action_server/share/action_server/cmake/action_server__rosidl_typesupport_introspection_cExport.cmake
-- Up-to-date: /home/timoha/features/features_ws/install/action_server/share/action_server/cmake/action_server__rosidl_typesupport_introspection_cExport-noconfig.cmake
-- Up-to-date: /home/timoha/features/features_ws/install/action_server/share/action_server/cmake/action_server__rosidl_typesupport_cExport.cmake
-- Up-to-date: /home/timoha/features/features_ws/install/action_server/share/action_server/cmake/action_server__rosidl_typesupport_cExport-noconfig.cmake
-- Up-to-date: /home/timoha/features/features_ws/install/action_server/share/action_server/cmake/export_action_server__rosidl_generator_cppExport.cmake
-- Up-to-date: /home/timoha/features/features_ws/install/action_server/share/action_server/cmake/export_action_server__rosidl_typesupport_fastrtps_cppExport.cmake
-- Up-to-date: /home/timoha/features/features_ws/install/action_server/share/action_server/cmake/export_action_server__rosidl_typesupport_fastrtps_cppExport-noconfig.cmake
-- Up-to-date: /home/timoha/features/features_ws/install/action_server/share/action_server/cmake/action_server__rosidl_typesupport_introspection_cppExport.cmake
-- Up-to-date: /home/timoha/features/features_ws/install/action_server/share/action_server/cmake/action_server__rosidl_typesupport_introspection_cppExport-noconfig.cmake
-- Up-to-date: /home/timoha/features/features_ws/install/action_server/share/action_server/cmake/action_server__rosidl_typesupport_cppExport.cmake
-- Up-to-date: /home/timoha/features/features_ws/install/action_server/share/action_server/cmake/action_server__rosidl_typesupport_cppExport-noconfig.cmake
-- Up-to-date: /home/timoha/features/features_ws/install/action_server/share/action_server/cmake/export_action_server__rosidl_generator_pyExport.cmake
-- Up-to-date: /home/timoha/features/features_ws/install/action_server/share/action_server/cmake/export_action_server__rosidl_generator_pyExport-noconfig.cmake
-- Up-to-date: /home/timoha/features/features_ws/install/action_server/share/action_server/cmake/rosidl_cmake-extras.cmake
-- Up-to-date: /home/timoha/features/features_ws/install/action_server/share/action_server/cmake/ament_cmake_export_dependencies-extras.cmake
-- Up-to-date: /home/timoha/features/features_ws/install/action_server/share/action_server/cmake/ament_cmake_export_include_directories-extras.cmake
-- Up-to-date: /home/timoha/features/features_ws/install/action_server/share/action_server/cmake/ament_cmake_export_libraries-extras.cmake
-- Up-to-date: /home/timoha/features/features_ws/install/action_server/share/action_server/cmake/ament_cmake_export_targets-extras.cmake
-- Up-to-date: /home/timoha/features/features_ws/install/action_server/share/action_server/cmake/rosidl_cmake_export_typesupport_targets-extras.cmake
-- Up-to-date: /home/timoha/features/features_ws/install/action_server/share/action_server/cmake/rosidl_cmake_export_typesupport_libraries-extras.cmake
-- Up-to-date: /home/timoha/features/features_ws/install/action_server/share/action_server/cmake/action_serverConfig.cmake
-- Up-to-date: /home/timoha/features/features_ws/install/action_server/share/action_server/cmake/action_serverConfig-version.cmake
-- Up-to-date: /home/timoha/features/features_ws/install/action_server/share/action_server/package.xml
