[0.010s] Invoking command in '/home/timoha/features/features_ws/build/action_server': CMAKE_PREFIX_PATH=${CMAKE_PREFIX_PATH}:/home/timoha/features/features_ws/install/navigation_sim:/home/timoha/features/install/navigation_sim:/home/timoha/features/install/action_server:/opt/ros/humble /usr/bin/cmake --build /home/timoha/features/features_ws/build/action_server -- -j12 -l12
[0.037s] [35m[1mConsolidate compiler generated dependencies of target action_server__rosidl_generator_c[0m
[0.044s] [  3%] Built target action_server__cpp
[0.044s] [ 12%] Built target action_server__rosidl_generator_c
[0.051s] [ 12%] Built target ament_cmake_python_copy_action_server
[0.051s] [35m[1mConsolidate compiler generated dependencies of target action_server__rosidl_typesupport_fastrtps_cpp[0m
[0.051s] [35m[1mConsolidate compiler generated dependencies of target action_server__rosidl_typesupport_cpp[0m
[0.051s] [35m[1mConsolidate compiler generated dependencies of target action_server__rosidl_typesupport_introspection_cpp[0m
[0.059s] [35m[1mConsolidate compiler generated dependencies of target action_server__rosidl_typesupport_c[0m
[0.059s] [35m[1mConsolidate compiler generated dependencies of target action_server__rosidl_typesupport_fastrtps_c[0m
[0.059s] [35m[1mConsolidate compiler generated dependencies of target action_server__rosidl_typesupport_introspection_c[0m
[0.061s] [ 22%] Built target action_server__rosidl_typesupport_cpp
[0.062s] [ 32%] Built target action_server__rosidl_typesupport_fastrtps_cpp
[0.062s] [ 41%] Built target action_server__rosidl_typesupport_introspection_cpp
[0.068s] [ 70%] Built target action_server__rosidl_typesupport_fastrtps_c
[0.068s] [ 70%] Built target action_server__rosidl_typesupport_c
[0.068s] [ 70%] Built target action_server__rosidl_typesupport_introspection_c
[0.081s] [ 70%] Built target action_server
[0.095s] [ 74%] Built target action_server__py
[0.102s] [35m[1mConsolidate compiler generated dependencies of target action_server__rosidl_generator_py[0m
[0.111s] [ 80%] Built target action_server__rosidl_generator_py
[0.118s] [35m[1mConsolidate compiler generated dependencies of target action_server__rosidl_typesupport_c__pyext[0m
[0.118s] [35m[1mConsolidate compiler generated dependencies of target action_server__rosidl_typesupport_introspection_c__pyext[0m
[0.118s] [35m[1mConsolidate compiler generated dependencies of target action_server__rosidl_typesupport_fastrtps_c__pyext[0m
[0.127s] [100%] Built target action_server__rosidl_typesupport_c__pyext
[0.127s] [100%] Built target action_server__rosidl_typesupport_introspection_c__pyext
[0.127s] [100%] Built target action_server__rosidl_typesupport_fastrtps_c__pyext
[0.253s] running egg_info
[0.254s] writing action_server.egg-info/PKG-INFO
[0.254s] writing dependency_links to action_server.egg-info/dependency_links.txt
[0.254s] writing top-level names to action_server.egg-info/top_level.txt
[0.256s] reading manifest file 'action_server.egg-info/SOURCES.txt'
[0.256s] writing manifest file 'action_server.egg-info/SOURCES.txt'
[0.275s] [100%] Built target ament_cmake_python_build_action_server_egg
[0.284s] Invoked command in '/home/timoha/features/features_ws/build/action_server' returned '0': CMAKE_PREFIX_PATH=${CMAKE_PREFIX_PATH}:/home/timoha/features/features_ws/install/navigation_sim:/home/timoha/features/install/navigation_sim:/home/timoha/features/install/action_server:/opt/ros/humble /usr/bin/cmake --build /home/timoha/features/features_ws/build/action_server -- -j12 -l12
[0.290s] Invoking command in '/home/timoha/features/features_ws/build/action_server': CMAKE_PREFIX_PATH=${CMAKE_PREFIX_PATH}:/home/timoha/features/features_ws/install/navigation_sim:/home/timoha/features/install/navigation_sim:/home/timoha/features/install/action_server:/opt/ros/humble /usr/bin/cmake --install /home/timoha/features/features_ws/build/action_server
[0.296s] -- Install configuration: ""
[0.296s] -- Up-to-date: /home/timoha/features/features_ws/install/action_server/share/ament_index/resource_index/rosidl_interfaces/action_server
[0.296s] -- Up-to-date: /home/timoha/features/features_ws/install/action_server/include/action_server/action_server
[0.296s] -- Up-to-date: /home/timoha/features/features_ws/install/action_server/include/action_server/action_server/msg
[0.296s] -- Up-to-date: /home/timoha/features/features_ws/install/action_server/include/action_server/action_server/msg/rosidl_generator_c__visibility_control.h
[0.296s] -- Up-to-date: /home/timoha/features/features_ws/install/action_server/include/action_server/action_server/action
[0.296s] -- Up-to-date: /home/timoha/features/features_ws/install/action_server/include/action_server/action_server/action/fibonacci.h
[0.296s] -- Up-to-date: /home/timoha/features/features_ws/install/action_server/include/action_server/action_server/action/detail
[0.296s] -- Up-to-date: /home/timoha/features/features_ws/install/action_server/include/action_server/action_server/action/detail/fibonacci__functions.c
[0.296s] -- Up-to-date: /home/timoha/features/features_ws/install/action_server/include/action_server/action_server/action/detail/fibonacci__functions.h
[0.296s] -- Up-to-date: /home/timoha/features/features_ws/install/action_server/include/action_server/action_server/action/detail/fibonacci__struct.h
[0.296s] -- Up-to-date: /home/timoha/features/features_ws/install/action_server/include/action_server/action_server/action/detail/fibonacci__type_support.h
[0.296s] -- Up-to-date: /home/timoha/features/features_ws/install/action_server/share/action_server/environment/library_path.sh
[0.296s] -- Up-to-date: /home/timoha/features/features_ws/install/action_server/share/action_server/environment/library_path.dsv
[0.296s] -- Up-to-date: /home/timoha/features/features_ws/install/action_server/lib/libaction_server__rosidl_generator_c.so
[0.296s] -- Up-to-date: /home/timoha/features/features_ws/install/action_server/include/action_server/action_server
[0.296s] -- Up-to-date: /home/timoha/features/features_ws/install/action_server/include/action_server/action_server/msg
[0.296s] -- Up-to-date: /home/timoha/features/features_ws/install/action_server/include/action_server/action_server/msg/rosidl_typesupport_fastrtps_c__visibility_control.h
[0.296s] -- Up-to-date: /home/timoha/features/features_ws/install/action_server/include/action_server/action_server/action
[0.297s] -- Up-to-date: /home/timoha/features/features_ws/install/action_server/include/action_server/action_server/action/detail
[0.297s] -- Up-to-date: /home/timoha/features/features_ws/install/action_server/include/action_server/action_server/action/detail/fibonacci__rosidl_typesupport_fastrtps_c.h
[0.297s] -- Up-to-date: /home/timoha/features/features_ws/install/action_server/lib/libaction_server__rosidl_typesupport_fastrtps_c.so
[0.297s] -- Up-to-date: /home/timoha/features/features_ws/install/action_server/include/action_server/action_server
[0.297s] -- Up-to-date: /home/timoha/features/features_ws/install/action_server/include/action_server/action_server/msg
[0.297s] -- Up-to-date: /home/timoha/features/features_ws/install/action_server/include/action_server/action_server/msg/rosidl_typesupport_introspection_c__visibility_control.h
[0.297s] -- Up-to-date: /home/timoha/features/features_ws/install/action_server/include/action_server/action_server/action
[0.297s] -- Up-to-date: /home/timoha/features/features_ws/install/action_server/include/action_server/action_server/action/detail
[0.297s] -- Up-to-date: /home/timoha/features/features_ws/install/action_server/include/action_server/action_server/action/detail/fibonacci__type_support.c
[0.297s] -- Up-to-date: /home/timoha/features/features_ws/install/action_server/include/action_server/action_server/action/detail/fibonacci__rosidl_typesupport_introspection_c.h
[0.297s] -- Up-to-date: /home/timoha/features/features_ws/install/action_server/lib/libaction_server__rosidl_typesupport_introspection_c.so
[0.297s] -- Up-to-date: /home/timoha/features/features_ws/install/action_server/lib/libaction_server__rosidl_typesupport_c.so
[0.297s] -- Up-to-date: /home/timoha/features/features_ws/install/action_server/include/action_server/action_server
[0.297s] -- Up-to-date: /home/timoha/features/features_ws/install/action_server/include/action_server/action_server/action
[0.297s] -- Up-to-date: /home/timoha/features/features_ws/install/action_server/include/action_server/action_server/action/fibonacci.hpp
[0.297s] -- Up-to-date: /home/timoha/features/features_ws/install/action_server/include/action_server/action_server/action/detail
[0.297s] -- Up-to-date: /home/timoha/features/features_ws/install/action_server/include/action_server/action_server/action/detail/fibonacci__traits.hpp
[0.297s] -- Up-to-date: /home/timoha/features/features_ws/install/action_server/include/action_server/action_server/action/detail/fibonacci__struct.hpp
[0.297s] -- Up-to-date: /home/timoha/features/features_ws/install/action_server/include/action_server/action_server/action/detail/fibonacci__builder.hpp
[0.297s] -- Up-to-date: /home/timoha/features/features_ws/install/action_server/include/action_server/action_server
[0.297s] -- Up-to-date: /home/timoha/features/features_ws/install/action_server/include/action_server/action_server/msg
[0.297s] -- Up-to-date: /home/timoha/features/features_ws/install/action_server/include/action_server/action_server/msg/rosidl_typesupport_fastrtps_cpp__visibility_control.h
[0.297s] -- Up-to-date: /home/timoha/features/features_ws/install/action_server/include/action_server/action_server/action
[0.298s] -- Up-to-date: /home/timoha/features/features_ws/install/action_server/include/action_server/action_server/action/detail
[0.298s] -- Up-to-date: /home/timoha/features/features_ws/install/action_server/include/action_server/action_server/action/detail/fibonacci__rosidl_typesupport_fastrtps_cpp.hpp
[0.298s] -- Up-to-date: /home/timoha/features/features_ws/install/action_server/include/action_server/action_server/action/detail/dds_fastrtps
[0.298s] -- Up-to-date: /home/timoha/features/features_ws/install/action_server/lib/libaction_server__rosidl_typesupport_fastrtps_cpp.so
[0.298s] -- Up-to-date: /home/timoha/features/features_ws/install/action_server/include/action_server/action_server
[0.298s] -- Up-to-date: /home/timoha/features/features_ws/install/action_server/include/action_server/action_server/action
[0.298s] -- Up-to-date: /home/timoha/features/features_ws/install/action_server/include/action_server/action_server/action/detail
[0.298s] -- Up-to-date: /home/timoha/features/features_ws/install/action_server/include/action_server/action_server/action/detail/fibonacci__type_support.cpp
[0.298s] -- Up-to-date: /home/timoha/features/features_ws/install/action_server/include/action_server/action_server/action/detail/fibonacci__rosidl_typesupport_introspection_cpp.hpp
[0.298s] -- Up-to-date: /home/timoha/features/features_ws/install/action_server/lib/libaction_server__rosidl_typesupport_introspection_cpp.so
[0.298s] -- Up-to-date: /home/timoha/features/features_ws/install/action_server/lib/libaction_server__rosidl_typesupport_cpp.so
[0.298s] -- Up-to-date: /home/timoha/features/features_ws/install/action_server/share/action_server/environment/pythonpath.sh
[0.298s] -- Up-to-date: /home/timoha/features/features_ws/install/action_server/share/action_server/environment/pythonpath.dsv
[0.298s] -- Up-to-date: /home/timoha/features/features_ws/install/action_server/local/lib/python3.10/dist-packages/action_server-0.0.0-py3.10.egg-info
[0.298s] -- Installing: /home/timoha/features/features_ws/install/action_server/local/lib/python3.10/dist-packages/action_server-0.0.0-py3.10.egg-info/top_level.txt
[0.298s] -- Installing: /home/timoha/features/features_ws/install/action_server/local/lib/python3.10/dist-packages/action_server-0.0.0-py3.10.egg-info/SOURCES.txt
[0.298s] -- Installing: /home/timoha/features/features_ws/install/action_server/local/lib/python3.10/dist-packages/action_server-0.0.0-py3.10.egg-info/PKG-INFO
[0.298s] -- Installing: /home/timoha/features/features_ws/install/action_server/local/lib/python3.10/dist-packages/action_server-0.0.0-py3.10.egg-info/dependency_links.txt
[0.298s] -- Up-to-date: /home/timoha/features/features_ws/install/action_server/local/lib/python3.10/dist-packages/action_server
[0.298s] -- Up-to-date: /home/timoha/features/features_ws/install/action_server/local/lib/python3.10/dist-packages/action_server/action_server_s__rosidl_typesupport_fastrtps_c.cpython-310-x86_64-linux-gnu.so
[0.298s] -- Up-to-date: /home/timoha/features/features_ws/install/action_server/local/lib/python3.10/dist-packages/action_server/_action_server_s.ep.rosidl_typesupport_introspection_c.c
[0.298s] -- Up-to-date: /home/timoha/features/features_ws/install/action_server/local/lib/python3.10/dist-packages/action_server/_action_server_s.ep.rosidl_typesupport_fastrtps_c.c
[0.298s] -- Up-to-date: /home/timoha/features/features_ws/install/action_server/local/lib/python3.10/dist-packages/action_server/action
[0.298s] -- Up-to-date: /home/timoha/features/features_ws/install/action_server/local/lib/python3.10/dist-packages/action_server/action/_fibonacci_s.c
[0.298s] -- Up-to-date: /home/timoha/features/features_ws/install/action_server/local/lib/python3.10/dist-packages/action_server/action/__init__.py
[0.299s] -- Up-to-date: /home/timoha/features/features_ws/install/action_server/local/lib/python3.10/dist-packages/action_server/action/_fibonacci.py
[0.299s] -- Up-to-date: /home/timoha/features/features_ws/install/action_server/local/lib/python3.10/dist-packages/action_server/__init__.py
[0.299s] -- Up-to-date: /home/timoha/features/features_ws/install/action_server/local/lib/python3.10/dist-packages/action_server/_action_server_s.ep.rosidl_typesupport_c.c
[0.299s] -- Up-to-date: /home/timoha/features/features_ws/install/action_server/local/lib/python3.10/dist-packages/action_server/action_server_s__rosidl_typesupport_introspection_c.cpython-310-x86_64-linux-gnu.so
[0.299s] -- Up-to-date: /home/timoha/features/features_ws/install/action_server/local/lib/python3.10/dist-packages/action_server/libaction_server__rosidl_generator_py.so
[0.299s] -- Up-to-date: /home/timoha/features/features_ws/install/action_server/local/lib/python3.10/dist-packages/action_server/action_server_s__rosidl_typesupport_c.cpython-310-x86_64-linux-gnu.so
[0.320s] Listing '/home/timoha/features/features_ws/install/action_server/local/lib/python3.10/dist-packages/action_server'...
[0.320s] Listing '/home/timoha/features/features_ws/install/action_server/local/lib/python3.10/dist-packages/action_server/action'...
[0.323s] -- Up-to-date: /home/timoha/features/features_ws/install/action_server/local/lib/python3.10/dist-packages/action_server/action_server_s__rosidl_typesupport_fastrtps_c.cpython-310-x86_64-linux-gnu.so
[0.323s] -- Up-to-date: /home/timoha/features/features_ws/install/action_server/local/lib/python3.10/dist-packages/action_server/action_server_s__rosidl_typesupport_introspection_c.cpython-310-x86_64-linux-gnu.so
[0.323s] -- Up-to-date: /home/timoha/features/features_ws/install/action_server/local/lib/python3.10/dist-packages/action_server/action_server_s__rosidl_typesupport_c.cpython-310-x86_64-linux-gnu.so
[0.323s] -- Up-to-date: /home/timoha/features/features_ws/install/action_server/lib/libaction_server__rosidl_generator_py.so
[0.323s] -- Up-to-date: /home/timoha/features/features_ws/install/action_server/share/action_server/action/Fibonacci.idl
[0.323s] -- Up-to-date: /home/timoha/features/features_ws/install/action_server/share/action_server/action/Fibonacci.action
[0.323s] -- Up-to-date: /home/timoha/features/features_ws/install/action_server/share/ament_index/resource_index/package_run_dependencies/action_server
[0.323s] -- Up-to-date: /home/timoha/features/features_ws/install/action_server/share/ament_index/resource_index/parent_prefix_path/action_server
[0.323s] -- Up-to-date: /home/timoha/features/features_ws/install/action_server/share/action_server/environment/ament_prefix_path.sh
[0.324s] -- Up-to-date: /home/timoha/features/features_ws/install/action_server/share/action_server/environment/ament_prefix_path.dsv
[0.324s] -- Up-to-date: /home/timoha/features/features_ws/install/action_server/share/action_server/environment/path.sh
[0.324s] -- Up-to-date: /home/timoha/features/features_ws/install/action_server/share/action_server/environment/path.dsv
[0.324s] -- Up-to-date: /home/timoha/features/features_ws/install/action_server/share/action_server/local_setup.bash
[0.324s] -- Up-to-date: /home/timoha/features/features_ws/install/action_server/share/action_server/local_setup.sh
[0.324s] -- Up-to-date: /home/timoha/features/features_ws/install/action_server/share/action_server/local_setup.zsh
[0.324s] -- Up-to-date: /home/timoha/features/features_ws/install/action_server/share/action_server/local_setup.dsv
[0.324s] -- Installing: /home/timoha/features/features_ws/install/action_server/share/action_server/package.dsv
[0.324s] -- Up-to-date: /home/timoha/features/features_ws/install/action_server/share/ament_index/resource_index/packages/action_server
[0.324s] -- Up-to-date: /home/timoha/features/features_ws/install/action_server/share/action_server/cmake/export_action_server__rosidl_generator_cExport.cmake
[0.324s] -- Up-to-date: /home/timoha/features/features_ws/install/action_server/share/action_server/cmake/export_action_server__rosidl_generator_cExport-noconfig.cmake
[0.324s] -- Up-to-date: /home/timoha/features/features_ws/install/action_server/share/action_server/cmake/export_action_server__rosidl_typesupport_fastrtps_cExport.cmake
[0.324s] -- Up-to-date: /home/timoha/features/features_ws/install/action_server/share/action_server/cmake/export_action_server__rosidl_typesupport_fastrtps_cExport-noconfig.cmake
[0.324s] -- Up-to-date: /home/timoha/features/features_ws/install/action_server/share/action_server/cmake/action_server__rosidl_typesupport_introspection_cExport.cmake
[0.324s] -- Up-to-date: /home/timoha/features/features_ws/install/action_server/share/action_server/cmake/action_server__rosidl_typesupport_introspection_cExport-noconfig.cmake
[0.324s] -- Up-to-date: /home/timoha/features/features_ws/install/action_server/share/action_server/cmake/action_server__rosidl_typesupport_cExport.cmake
[0.324s] -- Up-to-date: /home/timoha/features/features_ws/install/action_server/share/action_server/cmake/action_server__rosidl_typesupport_cExport-noconfig.cmake
[0.324s] -- Up-to-date: /home/timoha/features/features_ws/install/action_server/share/action_server/cmake/export_action_server__rosidl_generator_cppExport.cmake
[0.324s] -- Up-to-date: /home/timoha/features/features_ws/install/action_server/share/action_server/cmake/export_action_server__rosidl_typesupport_fastrtps_cppExport.cmake
[0.324s] -- Up-to-date: /home/timoha/features/features_ws/install/action_server/share/action_server/cmake/export_action_server__rosidl_typesupport_fastrtps_cppExport-noconfig.cmake
[0.324s] -- Up-to-date: /home/timoha/features/features_ws/install/action_server/share/action_server/cmake/action_server__rosidl_typesupport_introspection_cppExport.cmake
[0.324s] -- Up-to-date: /home/timoha/features/features_ws/install/action_server/share/action_server/cmake/action_server__rosidl_typesupport_introspection_cppExport-noconfig.cmake
[0.324s] -- Up-to-date: /home/timoha/features/features_ws/install/action_server/share/action_server/cmake/action_server__rosidl_typesupport_cppExport.cmake
[0.324s] -- Up-to-date: /home/timoha/features/features_ws/install/action_server/share/action_server/cmake/action_server__rosidl_typesupport_cppExport-noconfig.cmake
[0.325s] -- Up-to-date: /home/timoha/features/features_ws/install/action_server/share/action_server/cmake/export_action_server__rosidl_generator_pyExport.cmake
[0.325s] -- Up-to-date: /home/timoha/features/features_ws/install/action_server/share/action_server/cmake/export_action_server__rosidl_generator_pyExport-noconfig.cmake
[0.325s] -- Up-to-date: /home/timoha/features/features_ws/install/action_server/share/action_server/cmake/rosidl_cmake-extras.cmake
[0.325s] -- Up-to-date: /home/timoha/features/features_ws/install/action_server/share/action_server/cmake/ament_cmake_export_dependencies-extras.cmake
[0.325s] -- Up-to-date: /home/timoha/features/features_ws/install/action_server/share/action_server/cmake/ament_cmake_export_include_directories-extras.cmake
[0.325s] -- Up-to-date: /home/timoha/features/features_ws/install/action_server/share/action_server/cmake/ament_cmake_export_libraries-extras.cmake
[0.325s] -- Up-to-date: /home/timoha/features/features_ws/install/action_server/share/action_server/cmake/ament_cmake_export_targets-extras.cmake
[0.325s] -- Up-to-date: /home/timoha/features/features_ws/install/action_server/share/action_server/cmake/rosidl_cmake_export_typesupport_targets-extras.cmake
[0.325s] -- Up-to-date: /home/timoha/features/features_ws/install/action_server/share/action_server/cmake/rosidl_cmake_export_typesupport_libraries-extras.cmake
[0.325s] -- Up-to-date: /home/timoha/features/features_ws/install/action_server/share/action_server/cmake/action_serverConfig.cmake
[0.325s] -- Up-to-date: /home/timoha/features/features_ws/install/action_server/share/action_server/cmake/action_serverConfig-version.cmake
[0.325s] -- Up-to-date: /home/timoha/features/features_ws/install/action_server/share/action_server/package.xml
[0.326s] Invoked command in '/home/timoha/features/features_ws/build/action_server' returned '0': CMAKE_PREFIX_PATH=${CMAKE_PREFIX_PATH}:/home/timoha/features/features_ws/install/navigation_sim:/home/timoha/features/install/navigation_sim:/home/timoha/features/install/action_server:/opt/ros/humble /usr/bin/cmake --install /home/timoha/features/features_ws/build/action_server
