[0.528s] Invoking command in '/home/timoha/features/features_ws/src/navigation_sim': PYTHONPATH=/home/timoha/features/features_ws/build/navigation_sim/prefix_override:/usr/lib/python3/dist-packages/colcon_core/task/python/colcon_distutils_commands:/home/timoha/features/features_ws/install/navigation_sim/lib/python3.10/site-packages:${PYTHONPATH} /usr/bin/python3 -W ignore:setup.py install is deprecated -W ignore:easy_install command is deprecated setup.py egg_info --egg-base ../../build/navigation_sim build --build-base /home/timoha/features/features_ws/build/navigation_sim/build install --record /home/timoha/features/features_ws/build/navigation_sim/install.log --single-version-externally-managed install_data
[0.707s] running egg_info
[0.708s] writing ../../build/navigation_sim/navigation_sim.egg-info/PKG-INFO
[0.708s] writing dependency_links to ../../build/navigation_sim/navigation_sim.egg-info/dependency_links.txt
[0.708s] writing entry points to ../../build/navigation_sim/navigation_sim.egg-info/entry_points.txt
[0.708s] writing requirements to ../../build/navigation_sim/navigation_sim.egg-info/requires.txt
[0.708s] writing top-level names to ../../build/navigation_sim/navigation_sim.egg-info/top_level.txt
[0.709s] reading manifest file '../../build/navigation_sim/navigation_sim.egg-info/SOURCES.txt'
[0.710s] writing manifest file '../../build/navigation_sim/navigation_sim.egg-info/SOURCES.txt'
[0.710s] running build
[0.710s] running build_py
[0.710s] running install
[0.710s] running install_lib
[0.711s] running install_data
[0.711s] running install_egg_info
[0.712s] removing '/home/timoha/features/features_ws/install/navigation_sim/lib/python3.10/site-packages/navigation_sim-0.0.0-py3.10.egg-info' (and everything under it)
[0.712s] Copying ../../build/navigation_sim/navigation_sim.egg-info to /home/timoha/features/features_ws/install/navigation_sim/lib/python3.10/site-packages/navigation_sim-0.0.0-py3.10.egg-info
[0.712s] running install_scripts
[0.725s] writing list of installed files to '/home/timoha/features/features_ws/build/navigation_sim/install.log'
[0.743s] Invoked command in '/home/timoha/features/features_ws/src/navigation_sim' returned '0': PYTHONPATH=/home/timoha/features/features_ws/build/navigation_sim/prefix_override:/usr/lib/python3/dist-packages/colcon_core/task/python/colcon_distutils_commands:/home/timoha/features/features_ws/install/navigation_sim/lib/python3.10/site-packages:${PYTHONPATH} /usr/bin/python3 -W ignore:setup.py install is deprecated -W ignore:easy_install command is deprecated setup.py egg_info --egg-base ../../build/navigation_sim build --build-base /home/timoha/features/features_ws/build/navigation_sim/build install --record /home/timoha/features/features_ws/build/navigation_sim/install.log --single-version-externally-managed install_data
