[0.009s] Invoking command in '/home/timoha/features/features_ws/build/action_server': CMAKE_PREFIX_PATH=/home/timoha/features/features_ws/install/navigation_sim:/home/timoha/features/features_ws/install/action_server:/home/timoha/features/install/navigation_sim:/home/timoha/features/install/action_server:/opt/ros/humble /usr/bin/cmake /home/timoha/features/features_ws/src/action_server -DCMAKE_INSTALL_PREFIX=/home/timoha/features/features_ws/install/action_server
[0.065s] -- The C compiler identification is GNU 11.4.0
[0.099s] -- The CXX compiler identification is GNU 11.4.0
[0.104s] -- Detecting C compiler ABI info
[0.148s] -- Detecting C compiler ABI info - done
[0.153s] -- Check for working C compiler: /usr/bin/cc - skipped
[0.153s] -- Detecting C compile features
[0.153s] -- Detecting C compile features - done
[0.155s] -- Detecting CXX compiler ABI info
[0.208s] -- Detecting CXX compiler ABI info - done
[0.214s] -- Check for working CXX compiler: /usr/bin/c++ - skipped
[0.214s] -- Detecting CXX compile features
[0.214s] -- Detecting CXX compile features - done
[0.217s] -- Found ament_cmake: 1.3.10 (/opt/ros/humble/share/ament_cmake/cmake)
[0.325s] -- Found Python3: /usr/bin/python3 (found version "3.10.12") found components: Interpreter 
[0.390s] -- Found rosidl_default_generators: 1.2.0 (/opt/ros/humble/share/rosidl_default_generators/cmake)
[0.392s] -- Using all available rosidl_typesupport_c: rosidl_typesupport_fastrtps_c;rosidl_typesupport_introspection_c
[0.396s] -- Found rosidl_adapter: 3.1.5 (/opt/ros/humble/share/rosidl_adapter/cmake)
[0.423s] -- Using all available rosidl_typesupport_cpp: rosidl_typesupport_fastrtps_cpp;rosidl_typesupport_introspection_cpp
[0.678s] -- Found ament_cmake_ros: 0.10.0 (/opt/ros/humble/share/ament_cmake_ros/cmake)
[0.814s] -- Using all available rosidl_typesupport_c: rosidl_typesupport_fastrtps_c;rosidl_typesupport_introspection_c
[0.981s] -- Using all available rosidl_typesupport_cpp: rosidl_typesupport_fastrtps_cpp;rosidl_typesupport_introspection_cpp
[0.997s] -- Found PythonInterp: /usr/bin/python3 (found suitable version "3.10.12", minimum required is "3.6") 
[0.999s] -- Found python_cmake_module: 0.10.0 (/opt/ros/humble/share/python_cmake_module/cmake)
[1.018s] -- Found PythonLibs: /usr/lib/x86_64-linux-gnu/libpython3.10.so (found suitable version "3.10.12", minimum required is "3.5") 
[1.019s] -- Using PYTHON_EXECUTABLE: /usr/bin/python3
[1.019s] -- Using PYTHON_INCLUDE_DIRS: /usr/include/python3.10
[1.019s] -- Using PYTHON_LIBRARIES: /usr/lib/x86_64-linux-gnu/libpython3.10.so
[1.035s] -- Found PythonExtra: .so  
[1.070s] -- Found ament_lint_auto: 0.12.11 (/opt/ros/humble/share/ament_lint_auto/cmake)
[1.091s] -- Added test 'lint_cmake' to check CMake code style
[1.091s] -- Added test 'xmllint' to check XML markup files
[1.093s] -- Configuring done
[1.110s] -- Generating done
[1.117s] -- Build files have been written to: /home/timoha/features/features_ws/build/action_server
[1.123s] Invoked command in '/home/timoha/features/features_ws/build/action_server' returned '0': CMAKE_PREFIX_PATH=/home/timoha/features/features_ws/install/navigation_sim:/home/timoha/features/features_ws/install/action_server:/home/timoha/features/install/navigation_sim:/home/timoha/features/install/action_server:/opt/ros/humble /usr/bin/cmake /home/timoha/features/features_ws/src/action_server -DCMAKE_INSTALL_PREFIX=/home/timoha/features/features_ws/install/action_server
[1.123s] Invoking command in '/home/timoha/features/features_ws/build/action_server': CMAKE_PREFIX_PATH=/home/timoha/features/features_ws/install/navigation_sim:/home/timoha/features/features_ws/install/action_server:/home/timoha/features/install/navigation_sim:/home/timoha/features/install/action_server:/opt/ros/humble /usr/bin/cmake --build /home/timoha/features/features_ws/build/action_server -- -j12 -l12
[1.148s] [  3%] [34m[1mGenerating C code for ROS interfaces[0m
[1.154s] [  6%] [34m[1mGenerating C++ code for ROS interfaces[0m
[1.161s] [  6%] Built target ament_cmake_python_copy_action_server
[1.351s] running egg_info
[1.351s] creating action_server.egg-info
[1.351s] writing action_server.egg-info/PKG-INFO
[1.352s] writing dependency_links to action_server.egg-info/dependency_links.txt
[1.352s] writing top-level names to action_server.egg-info/top_level.txt
[1.352s] writing manifest file 'action_server.egg-info/SOURCES.txt'
[1.353s] reading manifest file 'action_server.egg-info/SOURCES.txt'
[1.353s] writing manifest file 'action_server.egg-info/SOURCES.txt'
[1.371s] [  6%] Built target ament_cmake_python_build_action_server_egg
[1.441s] [  6%] Built target action_server__cpp
[1.442s] [  9%] [32mBuilding C object CMakeFiles/action_server__rosidl_generator_c.dir/rosidl_generator_c/action_server/action/detail/fibonacci__functions.c.o[0m
[1.447s] [ 16%] [34m[1mGenerating C++ type support for eProsima Fast-RTPS[0m
[1.447s] [ 16%] [34m[1mGenerating C++ type support dispatch for ROS interfaces[0m
[1.447s] [ 19%] [34m[1mGenerating C++ introspection for ROS interfaces[0m
[1.541s] [ 22%] [32m[1mLinking C shared library libaction_server__rosidl_generator_c.so[0m
[1.567s] [ 22%] Built target action_server__rosidl_generator_c
[1.573s] [ 32%] [34m[1mGenerating C introspection for ROS interfaces[0m
[1.574s] [ 32%] [34m[1mGenerating C type support for eProsima Fast-RTPS[0m
[1.574s] [ 32%] [34m[1mGenerating C type support dispatch for ROS interfaces[0m
[1.642s] [ 35%] [32mBuilding CXX object CMakeFiles/action_server__rosidl_typesupport_cpp.dir/rosidl_typesupport_cpp/action_server/action/fibonacci__type_support.cpp.o[0m
[1.684s] [ 38%] [32mBuilding CXX object CMakeFiles/action_server__rosidl_typesupport_introspection_cpp.dir/rosidl_typesupport_introspection_cpp/action_server/action/detail/fibonacci__type_support.cpp.o[0m
[1.719s] [ 41%] [32mBuilding CXX object CMakeFiles/action_server__rosidl_typesupport_fastrtps_cpp.dir/rosidl_typesupport_fastrtps_cpp/action_server/action/detail/dds_fastrtps/fibonacci__type_support.cpp.o[0m
[1.771s] [ 45%] [32mBuilding CXX object CMakeFiles/action_server__rosidl_typesupport_c.dir/rosidl_typesupport_c/action_server/action/fibonacci__type_support.cpp.o[0m
[1.806s] [ 48%] [32m[1mLinking CXX shared library libaction_server__rosidl_typesupport_c.so[0m
[1.835s] [ 48%] Built target action_server__rosidl_typesupport_c
[1.848s] [ 51%] [32mBuilding CXX object CMakeFiles/action_server__rosidl_typesupport_fastrtps_c.dir/rosidl_typesupport_fastrtps_c/action_server/action/detail/fibonacci__type_support_c.cpp.o[0m
[1.851s] [ 54%] [32mBuilding C object CMakeFiles/action_server__rosidl_typesupport_introspection_c.dir/rosidl_typesupport_introspection_c/action_server/action/detail/fibonacci__type_support.c.o[0m
[1.887s] [ 58%] [32m[1mLinking C shared library libaction_server__rosidl_typesupport_introspection_c.so[0m
[1.910s] [ 58%] Built target action_server__rosidl_typesupport_introspection_c
[2.019s] [ 61%] [32m[1mLinking CXX shared library libaction_server__rosidl_typesupport_cpp.so[0m
[2.048s] [ 61%] Built target action_server__rosidl_typesupport_cpp
[2.101s] [ 64%] [32m[1mLinking CXX shared library libaction_server__rosidl_typesupport_fastrtps_c.so[0m
[2.122s] [ 67%] [32m[1mLinking CXX shared library libaction_server__rosidl_typesupport_introspection_cpp.so[0m
[2.159s] [ 70%] [32m[1mLinking CXX shared library libaction_server__rosidl_typesupport_fastrtps_cpp.so[0m
[2.162s] [ 70%] Built target action_server__rosidl_typesupport_fastrtps_c
[2.181s] [ 70%] Built target action_server__rosidl_typesupport_introspection_cpp
[2.213s] [ 70%] Built target action_server__rosidl_typesupport_fastrtps_cpp
[2.225s] [ 70%] Built target action_server
[2.237s] [ 74%] [34m[1mGenerating Python code for ROS interfaces[0m
[2.687s] [ 74%] Built target action_server__py
[2.700s] [ 77%] [32mBuilding C object CMakeFiles/action_server__rosidl_generator_py.dir/rosidl_generator_py/action_server/action/_fibonacci_s.c.o[0m
[2.827s] [ 80%] [32m[1mLinking C shared library rosidl_generator_py/action_server/libaction_server__rosidl_generator_py.so[0m
[2.856s] [ 80%] Built target action_server__rosidl_generator_py
[2.869s] [ 90%] [32mBuilding C object CMakeFiles/action_server__rosidl_typesupport_fastrtps_c__pyext.dir/rosidl_generator_py/action_server/_action_server_s.ep.rosidl_typesupport_fastrtps_c.c.o[0m
[2.869s] [ 90%] [32mBuilding C object CMakeFiles/action_server__rosidl_typesupport_c__pyext.dir/rosidl_generator_py/action_server/_action_server_s.ep.rosidl_typesupport_c.c.o[0m
[2.869s] [ 90%] [32mBuilding C object CMakeFiles/action_server__rosidl_typesupport_introspection_c__pyext.dir/rosidl_generator_py/action_server/_action_server_s.ep.rosidl_typesupport_introspection_c.c.o[0m
[2.945s] [100%] [32m[1mLinking C shared library rosidl_generator_py/action_server/action_server_s__rosidl_typesupport_fastrtps_c.cpython-310-x86_64-linux-gnu.so[0m
[2.945s] [100%] [32m[1mLinking C shared library rosidl_generator_py/action_server/action_server_s__rosidl_typesupport_introspection_c.cpython-310-x86_64-linux-gnu.so[0m
[2.945s] [100%] [32m[1mLinking C shared library rosidl_generator_py/action_server/action_server_s__rosidl_typesupport_c.cpython-310-x86_64-linux-gnu.so[0m
[2.971s] [100%] Built target action_server__rosidl_typesupport_introspection_c__pyext
[2.972s] [100%] Built target action_server__rosidl_typesupport_c__pyext
[2.972s] [100%] Built target action_server__rosidl_typesupport_fastrtps_c__pyext
[2.979s] Invoked command in '/home/timoha/features/features_ws/build/action_server' returned '0': CMAKE_PREFIX_PATH=/home/timoha/features/features_ws/install/navigation_sim:/home/timoha/features/features_ws/install/action_server:/home/timoha/features/install/navigation_sim:/home/timoha/features/install/action_server:/opt/ros/humble /usr/bin/cmake --build /home/timoha/features/features_ws/build/action_server -- -j12 -l12
[2.986s] Invoking command in '/home/timoha/features/features_ws/build/action_server': CMAKE_PREFIX_PATH=/home/timoha/features/features_ws/install/navigation_sim:/home/timoha/features/features_ws/install/action_server:/home/timoha/features/install/navigation_sim:/home/timoha/features/install/action_server:/opt/ros/humble /usr/bin/cmake --install /home/timoha/features/features_ws/build/action_server
[2.990s] -- Install configuration: ""
[2.990s] -- Installing: /home/timoha/features/features_ws/install/action_server/share/ament_index/resource_index/rosidl_interfaces/action_server
[2.990s] -- Installing: /home/timoha/features/features_ws/install/action_server/include/action_server/action_server
[2.990s] -- Installing: /home/timoha/features/features_ws/install/action_server/include/action_server/action_server/msg
[2.991s] -- Installing: /home/timoha/features/features_ws/install/action_server/include/action_server/action_server/msg/rosidl_generator_c__visibility_control.h
[2.991s] -- Installing: /home/timoha/features/features_ws/install/action_server/include/action_server/action_server/action
[2.991s] -- Installing: /home/timoha/features/features_ws/install/action_server/include/action_server/action_server/action/fibonacci.h
[2.991s] -- Installing: /home/timoha/features/features_ws/install/action_server/include/action_server/action_server/action/detail
[2.991s] -- Installing: /home/timoha/features/features_ws/install/action_server/include/action_server/action_server/action/detail/fibonacci__functions.c
[2.991s] -- Installing: /home/timoha/features/features_ws/install/action_server/include/action_server/action_server/action/detail/fibonacci__functions.h
[2.991s] -- Installing: /home/timoha/features/features_ws/install/action_server/include/action_server/action_server/action/detail/fibonacci__struct.h
[2.991s] -- Installing: /home/timoha/features/features_ws/install/action_server/include/action_server/action_server/action/detail/fibonacci__type_support.h
[2.991s] -- Installing: /home/timoha/features/features_ws/install/action_server/share/action_server/environment/library_path.sh
[2.991s] -- Installing: /home/timoha/features/features_ws/install/action_server/share/action_server/environment/library_path.dsv
[2.991s] -- Installing: /home/timoha/features/features_ws/install/action_server/lib/libaction_server__rosidl_generator_c.so
[2.991s] -- Set runtime path of "/home/timoha/features/features_ws/install/action_server/lib/libaction_server__rosidl_generator_c.so" to ""
[2.991s] -- Up-to-date: /home/timoha/features/features_ws/install/action_server/include/action_server/action_server
[2.991s] -- Up-to-date: /home/timoha/features/features_ws/install/action_server/include/action_server/action_server/msg
[2.992s] -- Installing: /home/timoha/features/features_ws/install/action_server/include/action_server/action_server/msg/rosidl_typesupport_fastrtps_c__visibility_control.h
[2.992s] -- Up-to-date: /home/timoha/features/features_ws/install/action_server/include/action_server/action_server/action
[2.992s] -- Up-to-date: /home/timoha/features/features_ws/install/action_server/include/action_server/action_server/action/detail
[2.992s] -- Installing: /home/timoha/features/features_ws/install/action_server/include/action_server/action_server/action/detail/fibonacci__rosidl_typesupport_fastrtps_c.h
[2.992s] -- Installing: /home/timoha/features/features_ws/install/action_server/lib/libaction_server__rosidl_typesupport_fastrtps_c.so
[2.992s] -- Set runtime path of "/home/timoha/features/features_ws/install/action_server/lib/libaction_server__rosidl_typesupport_fastrtps_c.so" to ""
[2.992s] -- Up-to-date: /home/timoha/features/features_ws/install/action_server/include/action_server/action_server
[2.992s] -- Up-to-date: /home/timoha/features/features_ws/install/action_server/include/action_server/action_server/msg
[2.992s] -- Installing: /home/timoha/features/features_ws/install/action_server/include/action_server/action_server/msg/rosidl_typesupport_introspection_c__visibility_control.h
[2.992s] -- Up-to-date: /home/timoha/features/features_ws/install/action_server/include/action_server/action_server/action
[2.992s] -- Up-to-date: /home/timoha/features/features_ws/install/action_server/include/action_server/action_server/action/detail
[2.992s] -- Installing: /home/timoha/features/features_ws/install/action_server/include/action_server/action_server/action/detail/fibonacci__type_support.c
[2.992s] -- Installing: /home/timoha/features/features_ws/install/action_server/include/action_server/action_server/action/detail/fibonacci__rosidl_typesupport_introspection_c.h
[2.992s] -- Installing: /home/timoha/features/features_ws/install/action_server/lib/libaction_server__rosidl_typesupport_introspection_c.so
[2.992s] -- Set runtime path of "/home/timoha/features/features_ws/install/action_server/lib/libaction_server__rosidl_typesupport_introspection_c.so" to ""
[2.992s] -- Installing: /home/timoha/features/features_ws/install/action_server/lib/libaction_server__rosidl_typesupport_c.so
[2.992s] -- Set runtime path of "/home/timoha/features/features_ws/install/action_server/lib/libaction_server__rosidl_typesupport_c.so" to ""
[2.992s] -- Up-to-date: /home/timoha/features/features_ws/install/action_server/include/action_server/action_server
[2.993s] -- Up-to-date: /home/timoha/features/features_ws/install/action_server/include/action_server/action_server/action
[2.993s] -- Installing: /home/timoha/features/features_ws/install/action_server/include/action_server/action_server/action/fibonacci.hpp
[2.993s] -- Up-to-date: /home/timoha/features/features_ws/install/action_server/include/action_server/action_server/action/detail
[2.993s] -- Installing: /home/timoha/features/features_ws/install/action_server/include/action_server/action_server/action/detail/fibonacci__traits.hpp
[2.993s] -- Installing: /home/timoha/features/features_ws/install/action_server/include/action_server/action_server/action/detail/fibonacci__struct.hpp
[2.993s] -- Installing: /home/timoha/features/features_ws/install/action_server/include/action_server/action_server/action/detail/fibonacci__builder.hpp
[2.993s] -- Up-to-date: /home/timoha/features/features_ws/install/action_server/include/action_server/action_server
[2.993s] -- Up-to-date: /home/timoha/features/features_ws/install/action_server/include/action_server/action_server/msg
[2.993s] -- Installing: /home/timoha/features/features_ws/install/action_server/include/action_server/action_server/msg/rosidl_typesupport_fastrtps_cpp__visibility_control.h
[2.993s] -- Up-to-date: /home/timoha/features/features_ws/install/action_server/include/action_server/action_server/action
[2.993s] -- Up-to-date: /home/timoha/features/features_ws/install/action_server/include/action_server/action_server/action/detail
[2.993s] -- Installing: /home/timoha/features/features_ws/install/action_server/include/action_server/action_server/action/detail/fibonacci__rosidl_typesupport_fastrtps_cpp.hpp
[2.993s] -- Installing: /home/timoha/features/features_ws/install/action_server/include/action_server/action_server/action/detail/dds_fastrtps
[2.993s] -- Installing: /home/timoha/features/features_ws/install/action_server/lib/libaction_server__rosidl_typesupport_fastrtps_cpp.so
[2.993s] -- Set runtime path of "/home/timoha/features/features_ws/install/action_server/lib/libaction_server__rosidl_typesupport_fastrtps_cpp.so" to ""
[2.993s] -- Up-to-date: /home/timoha/features/features_ws/install/action_server/include/action_server/action_server
[2.993s] -- Up-to-date: /home/timoha/features/features_ws/install/action_server/include/action_server/action_server/action
[2.993s] -- Up-to-date: /home/timoha/features/features_ws/install/action_server/include/action_server/action_server/action/detail
[2.993s] -- Installing: /home/timoha/features/features_ws/install/action_server/include/action_server/action_server/action/detail/fibonacci__type_support.cpp
[2.993s] -- Installing: /home/timoha/features/features_ws/install/action_server/include/action_server/action_server/action/detail/fibonacci__rosidl_typesupport_introspection_cpp.hpp
[2.993s] -- Installing: /home/timoha/features/features_ws/install/action_server/lib/libaction_server__rosidl_typesupport_introspection_cpp.so
[2.994s] -- Set runtime path of "/home/timoha/features/features_ws/install/action_server/lib/libaction_server__rosidl_typesupport_introspection_cpp.so" to ""
[2.994s] -- Installing: /home/timoha/features/features_ws/install/action_server/lib/libaction_server__rosidl_typesupport_cpp.so
[2.994s] -- Set runtime path of "/home/timoha/features/features_ws/install/action_server/lib/libaction_server__rosidl_typesupport_cpp.so" to ""
[2.994s] -- Installing: /home/timoha/features/features_ws/install/action_server/share/action_server/environment/pythonpath.sh
[2.994s] -- Installing: /home/timoha/features/features_ws/install/action_server/share/action_server/environment/pythonpath.dsv
[2.994s] -- Installing: /home/timoha/features/features_ws/install/action_server/local/lib/python3.10/dist-packages/action_server-0.0.0-py3.10.egg-info
[2.994s] -- Installing: /home/timoha/features/features_ws/install/action_server/local/lib/python3.10/dist-packages/action_server-0.0.0-py3.10.egg-info/top_level.txt
[2.994s] -- Installing: /home/timoha/features/features_ws/install/action_server/local/lib/python3.10/dist-packages/action_server-0.0.0-py3.10.egg-info/SOURCES.txt
[2.994s] -- Installing: /home/timoha/features/features_ws/install/action_server/local/lib/python3.10/dist-packages/action_server-0.0.0-py3.10.egg-info/PKG-INFO
[2.994s] -- Installing: /home/timoha/features/features_ws/install/action_server/local/lib/python3.10/dist-packages/action_server-0.0.0-py3.10.egg-info/dependency_links.txt
[2.994s] -- Installing: /home/timoha/features/features_ws/install/action_server/local/lib/python3.10/dist-packages/action_server
[2.994s] -- Installing: /home/timoha/features/features_ws/install/action_server/local/lib/python3.10/dist-packages/action_server/action_server_s__rosidl_typesupport_fastrtps_c.cpython-310-x86_64-linux-gnu.so
[2.994s] -- Installing: /home/timoha/features/features_ws/install/action_server/local/lib/python3.10/dist-packages/action_server/_action_server_s.ep.rosidl_typesupport_introspection_c.c
[2.994s] -- Installing: /home/timoha/features/features_ws/install/action_server/local/lib/python3.10/dist-packages/action_server/_action_server_s.ep.rosidl_typesupport_fastrtps_c.c
[2.995s] -- Installing: /home/timoha/features/features_ws/install/action_server/local/lib/python3.10/dist-packages/action_server/action
[2.995s] -- Installing: /home/timoha/features/features_ws/install/action_server/local/lib/python3.10/dist-packages/action_server/action/_fibonacci_s.c
[2.995s] -- Installing: /home/timoha/features/features_ws/install/action_server/local/lib/python3.10/dist-packages/action_server/action/__init__.py
[2.995s] -- Installing: /home/timoha/features/features_ws/install/action_server/local/lib/python3.10/dist-packages/action_server/action/_fibonacci.py
[2.995s] -- Installing: /home/timoha/features/features_ws/install/action_server/local/lib/python3.10/dist-packages/action_server/__init__.py
[2.995s] -- Installing: /home/timoha/features/features_ws/install/action_server/local/lib/python3.10/dist-packages/action_server/_action_server_s.ep.rosidl_typesupport_c.c
[2.995s] -- Installing: /home/timoha/features/features_ws/install/action_server/local/lib/python3.10/dist-packages/action_server/action_server_s__rosidl_typesupport_introspection_c.cpython-310-x86_64-linux-gnu.so
[2.995s] -- Installing: /home/timoha/features/features_ws/install/action_server/local/lib/python3.10/dist-packages/action_server/libaction_server__rosidl_generator_py.so
[2.995s] -- Installing: /home/timoha/features/features_ws/install/action_server/local/lib/python3.10/dist-packages/action_server/action_server_s__rosidl_typesupport_c.cpython-310-x86_64-linux-gnu.so
[3.022s] Listing '/home/timoha/features/features_ws/install/action_server/local/lib/python3.10/dist-packages/action_server'...
[3.022s] Compiling '/home/timoha/features/features_ws/install/action_server/local/lib/python3.10/dist-packages/action_server/__init__.py'...
[3.022s] Listing '/home/timoha/features/features_ws/install/action_server/local/lib/python3.10/dist-packages/action_server/action'...
[3.022s] Compiling '/home/timoha/features/features_ws/install/action_server/local/lib/python3.10/dist-packages/action_server/action/__init__.py'...
[3.022s] Compiling '/home/timoha/features/features_ws/install/action_server/local/lib/python3.10/dist-packages/action_server/action/_fibonacci.py'...
[3.025s] -- Installing: /home/timoha/features/features_ws/install/action_server/local/lib/python3.10/dist-packages/action_server/action_server_s__rosidl_typesupport_fastrtps_c.cpython-310-x86_64-linux-gnu.so
[3.025s] -- Set runtime path of "/home/timoha/features/features_ws/install/action_server/local/lib/python3.10/dist-packages/action_server/action_server_s__rosidl_typesupport_fastrtps_c.cpython-310-x86_64-linux-gnu.so" to ""
[3.026s] -- Installing: /home/timoha/features/features_ws/install/action_server/local/lib/python3.10/dist-packages/action_server/action_server_s__rosidl_typesupport_introspection_c.cpython-310-x86_64-linux-gnu.so
[3.026s] -- Set runtime path of "/home/timoha/features/features_ws/install/action_server/local/lib/python3.10/dist-packages/action_server/action_server_s__rosidl_typesupport_introspection_c.cpython-310-x86_64-linux-gnu.so" to ""
[3.026s] -- Installing: /home/timoha/features/features_ws/install/action_server/local/lib/python3.10/dist-packages/action_server/action_server_s__rosidl_typesupport_c.cpython-310-x86_64-linux-gnu.so
[3.026s] -- Set runtime path of "/home/timoha/features/features_ws/install/action_server/local/lib/python3.10/dist-packages/action_server/action_server_s__rosidl_typesupport_c.cpython-310-x86_64-linux-gnu.so" to ""
[3.026s] -- Installing: /home/timoha/features/features_ws/install/action_server/lib/libaction_server__rosidl_generator_py.so
[3.026s] -- Set runtime path of "/home/timoha/features/features_ws/install/action_server/lib/libaction_server__rosidl_generator_py.so" to ""
[3.026s] -- Installing: /home/timoha/features/features_ws/install/action_server/share/action_server/action/Fibonacci.idl
[3.026s] -- Installing: /home/timoha/features/features_ws/install/action_server/share/action_server/action/Fibonacci.action
[3.026s] -- Installing: /home/timoha/features/features_ws/install/action_server/share/ament_index/resource_index/package_run_dependencies/action_server
[3.026s] -- Installing: /home/timoha/features/features_ws/install/action_server/share/ament_index/resource_index/parent_prefix_path/action_server
[3.026s] -- Installing: /home/timoha/features/features_ws/install/action_server/share/action_server/environment/ament_prefix_path.sh
[3.026s] -- Installing: /home/timoha/features/features_ws/install/action_server/share/action_server/environment/ament_prefix_path.dsv
[3.027s] -- Installing: /home/timoha/features/features_ws/install/action_server/share/action_server/environment/path.sh
[3.027s] -- Installing: /home/timoha/features/features_ws/install/action_server/share/action_server/environment/path.dsv
[3.027s] -- Installing: /home/timoha/features/features_ws/install/action_server/share/action_server/local_setup.bash
[3.027s] -- Installing: /home/timoha/features/features_ws/install/action_server/share/action_server/local_setup.sh
[3.027s] -- Installing: /home/timoha/features/features_ws/install/action_server/share/action_server/local_setup.zsh
[3.027s] -- Installing: /home/timoha/features/features_ws/install/action_server/share/action_server/local_setup.dsv
[3.027s] -- Installing: /home/timoha/features/features_ws/install/action_server/share/action_server/package.dsv
[3.027s] -- Installing: /home/timoha/features/features_ws/install/action_server/share/ament_index/resource_index/packages/action_server
[3.027s] -- Installing: /home/timoha/features/features_ws/install/action_server/share/action_server/cmake/export_action_server__rosidl_generator_cExport.cmake
[3.027s] -- Installing: /home/timoha/features/features_ws/install/action_server/share/action_server/cmake/export_action_server__rosidl_generator_cExport-noconfig.cmake
[3.027s] -- Installing: /home/timoha/features/features_ws/install/action_server/share/action_server/cmake/export_action_server__rosidl_typesupport_fastrtps_cExport.cmake
[3.027s] -- Installing: /home/timoha/features/features_ws/install/action_server/share/action_server/cmake/export_action_server__rosidl_typesupport_fastrtps_cExport-noconfig.cmake
[3.027s] -- Installing: /home/timoha/features/features_ws/install/action_server/share/action_server/cmake/action_server__rosidl_typesupport_introspection_cExport.cmake
[3.027s] -- Installing: /home/timoha/features/features_ws/install/action_server/share/action_server/cmake/action_server__rosidl_typesupport_introspection_cExport-noconfig.cmake
[3.027s] -- Installing: /home/timoha/features/features_ws/install/action_server/share/action_server/cmake/action_server__rosidl_typesupport_cExport.cmake
[3.027s] -- Installing: /home/timoha/features/features_ws/install/action_server/share/action_server/cmake/action_server__rosidl_typesupport_cExport-noconfig.cmake
[3.028s] -- Installing: /home/timoha/features/features_ws/install/action_server/share/action_server/cmake/export_action_server__rosidl_generator_cppExport.cmake
[3.028s] -- Installing: /home/timoha/features/features_ws/install/action_server/share/action_server/cmake/export_action_server__rosidl_typesupport_fastrtps_cppExport.cmake
[3.028s] -- Installing: /home/timoha/features/features_ws/install/action_server/share/action_server/cmake/export_action_server__rosidl_typesupport_fastrtps_cppExport-noconfig.cmake
[3.028s] -- Installing: /home/timoha/features/features_ws/install/action_server/share/action_server/cmake/action_server__rosidl_typesupport_introspection_cppExport.cmake
[3.028s] -- Installing: /home/timoha/features/features_ws/install/action_server/share/action_server/cmake/action_server__rosidl_typesupport_introspection_cppExport-noconfig.cmake
[3.028s] -- Installing: /home/timoha/features/features_ws/install/action_server/share/action_server/cmake/action_server__rosidl_typesupport_cppExport.cmake
[3.028s] -- Installing: /home/timoha/features/features_ws/install/action_server/share/action_server/cmake/action_server__rosidl_typesupport_cppExport-noconfig.cmake
[3.028s] -- Installing: /home/timoha/features/features_ws/install/action_server/share/action_server/cmake/export_action_server__rosidl_generator_pyExport.cmake
[3.028s] -- Installing: /home/timoha/features/features_ws/install/action_server/share/action_server/cmake/export_action_server__rosidl_generator_pyExport-noconfig.cmake
[3.028s] -- Installing: /home/timoha/features/features_ws/install/action_server/share/action_server/cmake/rosidl_cmake-extras.cmake
[3.028s] -- Installing: /home/timoha/features/features_ws/install/action_server/share/action_server/cmake/ament_cmake_export_dependencies-extras.cmake
[3.028s] -- Installing: /home/timoha/features/features_ws/install/action_server/share/action_server/cmake/ament_cmake_export_include_directories-extras.cmake
[3.028s] -- Installing: /home/timoha/features/features_ws/install/action_server/share/action_server/cmake/ament_cmake_export_libraries-extras.cmake
[3.028s] -- Installing: /home/timoha/features/features_ws/install/action_server/share/action_server/cmake/ament_cmake_export_targets-extras.cmake
[3.028s] -- Installing: /home/timoha/features/features_ws/install/action_server/share/action_server/cmake/rosidl_cmake_export_typesupport_targets-extras.cmake
[3.028s] -- Installing: /home/timoha/features/features_ws/install/action_server/share/action_server/cmake/rosidl_cmake_export_typesupport_libraries-extras.cmake
[3.028s] -- Installing: /home/timoha/features/features_ws/install/action_server/share/action_server/cmake/action_serverConfig.cmake
[3.029s] -- Installing: /home/timoha/features/features_ws/install/action_server/share/action_server/cmake/action_serverConfig-version.cmake
[3.029s] -- Installing: /home/timoha/features/features_ws/install/action_server/share/action_server/package.xml
[3.031s] Invoked command in '/home/timoha/features/features_ws/build/action_server' returned '0': CMAKE_PREFIX_PATH=/home/timoha/features/features_ws/install/navigation_sim:/home/timoha/features/features_ws/install/action_server:/home/timoha/features/install/navigation_sim:/home/timoha/features/install/action_server:/opt/ros/humble /usr/bin/cmake --install /home/timoha/features/features_ws/build/action_server
