running egg_info
creating ../../build/navigation_sim/navigation_sim.egg-info
writing ../../build/navigation_sim/navigation_sim.egg-info/PKG-INFO
writing dependency_links to ../../build/navigation_sim/navigation_sim.egg-info/dependency_links.txt
writing entry points to ../../build/navigation_sim/navigation_sim.egg-info/entry_points.txt
writing requirements to ../../build/navigation_sim/navigation_sim.egg-info/requires.txt
writing top-level names to ../../build/navigation_sim/navigation_sim.egg-info/top_level.txt
writing manifest file '../../build/navigation_sim/navigation_sim.egg-info/SOURCES.txt'
reading manifest file '../../build/navigation_sim/navigation_sim.egg-info/SOURCES.txt'
writing manifest file '../../build/navigation_sim/navigation_sim.egg-info/SOURCES.txt'
running build
running build_py
creating /home/timoha/features/features_ws/build/navigation_sim/build
creating /home/timoha/features/features_ws/build/navigation_sim/build/lib
creating /home/timoha/features/features_ws/build/navigation_sim/build/lib/navigation_sim
copying navigation_sim/__init__.py -> /home/timoha/features/features_ws/build/navigation_sim/build/lib/navigation_sim
running install
running install_lib
creating /home/timoha/features/features_ws/install/navigation_sim/lib/python3.10/site-packages/navigation_sim
copying /home/timoha/features/features_ws/build/navigation_sim/build/lib/navigation_sim/__init__.py -> /home/timoha/features/features_ws/install/navigation_sim/lib/python3.10/site-packages/navigation_sim
byte-compiling /home/timoha/features/features_ws/install/navigation_sim/lib/python3.10/site-packages/navigation_sim/__init__.py to __init__.cpython-310.pyc
running install_data
creating /home/timoha/features/features_ws/install/navigation_sim/share/ament_index
creating /home/timoha/features/features_ws/install/navigation_sim/share/ament_index/resource_index
creating /home/timoha/features/features_ws/install/navigation_sim/share/ament_index/resource_index/packages
copying resource/navigation_sim -> /home/timoha/features/features_ws/install/navigation_sim/share/ament_index/resource_index/packages
copying package.xml -> /home/timoha/features/features_ws/install/navigation_sim/share/navigation_sim
running install_egg_info
Copying ../../build/navigation_sim/navigation_sim.egg-info to /home/timoha/features/features_ws/install/navigation_sim/lib/python3.10/site-packages/navigation_sim-0.0.0-py3.10.egg-info
running install_scripts
writing list of installed files to '/home/timoha/features/features_ws/build/navigation_sim/install.log'
